<?xml version="1.0" encoding="UTF-8"?>
<!-- Generated by org.testng.reporters.JUnitXMLReporter -->
<testsuite hostname="DESKTOP-RLOH39C" name="NewUsersAndFilters" tests="2" failures="0" timestamp="18 Jan 2019 04:35:17 GMT" time="0.063" errors="0">
  <testcase name="@BeforeMethod configurations" time="0.0" classname="tests.NewUsersAndFilters">
    <failure type="java.lang.NullPointerException">
      <![CDATA[java.lang.NullPointerException
	at com.google.common.base.Preconditions.checkNotNull(Preconditions.java:212)
	at org.openqa.selenium.support.ui.FluentWait.<init>(FluentWait.java:102)
	at org.openqa.selenium.support.ui.WebDriverWait.<init>(WebDriverWait.java:71)
	at org.openqa.selenium.support.ui.WebDriverWait.<init>(WebDriverWait.java:45)
	at reusableMethods.ElementVerificationsAndActions.<init>(ElementVerificationsAndActions.java:16)
	at screenElements.Dashboard.<init>(Dashboard.java:24)
	at tests.NewUsersAndFilters.configurations(NewUsersAndFilters.java:38)
... Removed 26 stack frames]]>
    </failure>
  </testcase> <!-- @BeforeMethod configurations -->
  <testcase name="@AfterMethod tearOff" time="0.0" classname="tests.NewUsersAndFilters">
    <skipped/>
  </testcase> <!-- @AfterMethod tearOff -->
  <testcase name="@BeforeMethod configurations" time="0.0" classname="tests.NewUsersAndFilters">
    <skipped/>
  </testcase> <!-- @BeforeMethod configurations -->
  <testcase name="@AfterMethod tearOff" time="0.0" classname="tests.NewUsersAndFilters">
    <skipped/>
  </testcase> <!-- @AfterMethod tearOff -->
  <testcase name="createNewUser" time="0.016" classname="tests.NewUsersAndFilters">
    <skipped/>
  </testcase> <!-- createNewUser -->
  <testcase name="userFilters" time="0.001" classname="tests.NewUsersAndFilters">
    <skipped/>
  </testcase> <!-- userFilters -->
</testsuite> <!-- NewUsersAndFilters -->
