<?xml version="1.0" encoding="UTF-8"?>
<testng-results skipped="0" failed="0" total="3" passed="3">
  <reporter-output>
  </reporter-output>
  <suite name="MeSTestSuite" duration-ms="37211" started-at="2019-01-18T13:08:34Z" finished-at="2019-01-18T13:09:11Z">
    <groups>
      <group name="usertests">
        <method signature="NewUsersAndFilters.createNewUser()[pri:1, instance:tests.NewUsersAndFilters@c038203]" name="createNewUser" class="tests.NewUsersAndFilters"/>
        <method signature="NewUsersAndFilters.negativeTest()[pri:3, instance:tests.NewUsersAndFilters@c038203]" name="negativeTest" class="tests.NewUsersAndFilters"/>
        <method signature="NewUsersAndFilters.userFilters(java.lang.String, java.lang.String)[pri:2, instance:tests.NewUsersAndFilters@c038203]" name="userFilters" class="tests.NewUsersAndFilters"/>
      </group> <!-- usertests -->
    </groups>
    <test name="MeSTest" duration-ms="37211" started-at="2019-01-18T13:08:34Z" finished-at="2019-01-18T13:09:11Z">
      <class name="tests.NewUsersAndFilters">
        <test-method status="PASS" signature="configurations(java.lang.String)[pri:0, instance:tests.NewUsersAndFilters@c038203]" name="configurations" is-config="true" duration-ms="6408" started-at="2019-01-18T08:08:34Z" finished-at="2019-01-18T08:08:41Z">
          <params>
            <param index="0">
              <value>
                <![CDATA[Chrome]]>
              </value>
            </param>
          </params>
          <reporter-output>
          </reporter-output>
        </test-method> <!-- configurations -->
        <test-method status="PASS" signature="createNewUser()[pri:1, instance:tests.NewUsersAndFilters@c038203]" name="createNewUser" duration-ms="12328" started-at="2019-01-18T08:08:41Z" finished-at="2019-01-18T08:08:53Z">
          <reporter-output>
          </reporter-output>
        </test-method> <!-- createNewUser -->
        <test-method status="PASS" signature="tearOff()[pri:0, instance:tests.NewUsersAndFilters@c038203]" name="tearOff" is-config="true" duration-ms="1406" started-at="2019-01-18T08:08:53Z" finished-at="2019-01-18T08:08:54Z">
          <reporter-output>
          </reporter-output>
        </test-method> <!-- tearOff -->
        <test-method status="PASS" signature="configurations(java.lang.String)[pri:0, instance:tests.NewUsersAndFilters@c038203]" name="configurations" is-config="true" duration-ms="5454" started-at="2019-01-18T08:08:54Z" finished-at="2019-01-18T08:09:00Z">
          <params>
            <param index="0">
              <value>
                <![CDATA[Chrome]]>
              </value>
            </param>
          </params>
          <reporter-output>
          </reporter-output>
        </test-method> <!-- configurations -->
        <test-method status="PASS" signature="userFilters(java.lang.String, java.lang.String)[pri:2, instance:tests.NewUsersAndFilters@c038203]" name="userFilters" duration-ms="1543" started-at="2019-01-18T08:09:00Z" finished-at="2019-01-18T08:09:01Z">
          <params>
            <param index="0">
              <value>
                <![CDATA[Contains]]>
              </value>
            </param>
            <param index="1">
              <value>
                <![CDATA[Anubha]]>
              </value>
            </param>
          </params>
          <reporter-output>
          </reporter-output>
        </test-method> <!-- userFilters -->
        <test-method status="PASS" signature="tearOff()[pri:0, instance:tests.NewUsersAndFilters@c038203]" name="tearOff" is-config="true" duration-ms="1215" started-at="2019-01-18T08:09:01Z" finished-at="2019-01-18T08:09:02Z">
          <reporter-output>
          </reporter-output>
        </test-method> <!-- tearOff -->
        <test-method status="PASS" signature="configurations(java.lang.String)[pri:0, instance:tests.NewUsersAndFilters@c038203]" name="configurations" is-config="true" duration-ms="5515" started-at="2019-01-18T08:09:02Z" finished-at="2019-01-18T08:09:08Z">
          <params>
            <param index="0">
              <value>
                <![CDATA[Chrome]]>
              </value>
            </param>
          </params>
          <reporter-output>
          </reporter-output>
        </test-method> <!-- configurations -->
        <test-method status="PASS" signature="negativeTest()[pri:3, instance:tests.NewUsersAndFilters@c038203]" name="negativeTest" duration-ms="2047" started-at="2019-01-18T08:09:08Z" finished-at="2019-01-18T08:09:10Z">
          <reporter-output>
          </reporter-output>
        </test-method> <!-- negativeTest -->
        <test-method status="PASS" signature="tearOff()[pri:0, instance:tests.NewUsersAndFilters@c038203]" name="tearOff" is-config="true" duration-ms="1271" started-at="2019-01-18T08:09:10Z" finished-at="2019-01-18T08:09:11Z">
          <reporter-output>
          </reporter-output>
        </test-method> <!-- tearOff -->
      </class> <!-- tests.NewUsersAndFilters -->
    </test> <!-- MeSTest -->
  </suite> <!-- MeSTestSuite -->
</testng-results>
