<?xml version="1.0" encoding="UTF-8"?>
<!-- Generated by org.testng.reporters.JUnitXMLReporter -->
<testsuite hostname="DESKTOP-RLOH39C" name="MeSTest" tests="3" failures="0" timestamp="21 Jan 2019 03:07:08 GMT" time="27.798" errors="0">
  <testcase name="createNewUser" time="1.792" classname="tests.NewUsersAndFilters"/>
  <testcase name="userFilters" time="1.334" classname="tests.NewUsersAndFilters"/>
  <testcase name="negativeTest" time="1.76" classname="tests.NewUsersAndFilters"/>
</testsuite> <!-- MeSTest -->
