<?xml version="1.0" encoding="UTF-8"?>
<!-- Generated by org.testng.reporters.JUnitXMLReporter -->
<testsuite hostname="DESKTOP-RLOH39C" name="MeSTest" tests="3" failures="0" timestamp="18 Jan 2019 13:09:11 GMT" time="37.211" errors="0">
  <testcase name="createNewUser" time="12.328" classname="tests.NewUsersAndFilters"/>
  <testcase name="userFilters" time="1.543" classname="tests.NewUsersAndFilters"/>
  <testcase name="negativeTest" time="2.047" classname="tests.NewUsersAndFilters"/>
</testsuite> <!-- MeSTest -->
